<?xml version='1.0' encoding='UTF-8'?>
<testsuite hostname="LAPTOP-TQL23UAK" name="DeviceSpec" tests="2" errors="0" failures="0" skipped="0" time="0.038" timestamp="2021-02-13T17:55:55">
                     <properties>
      <property name="jline.esc.timeout" value="0"/><property name="java.runtime.name" value="OpenJDK Runtime Environment"/><property name="sun.boot.library.path" value="C:\Program Files\AdoptOpenJDK\jdk-8.0.272.10-hotspot\jre\bin"/><property name="java.vm.version" value="25.272-b10"/><property name="java.vm.vendor" value="AdoptOpenJDK"/><property name="java.vendor.url" value="https://adoptopenjdk.net/"/><property name="path.separator" value=";"/><property name="jna.loaded" value="true"/><property name="java.vm.name" value="OpenJDK 64-Bit Server VM"/><property name="file.encoding.pkg" value="sun.io"/><property name="user.country" value="ES"/><property name="user.script" value=""/><property name="sun.java.launcher" value="SUN_STANDARD"/><property name="sun.os.patch.level" value=""/><property name="jna.nosys" value="true"/><property name="java.vm.specification.name" value="Java Virtual Machine Specification"/><property name="user.dir" value="D:\tfm\Context_broker"/><property name="java.runtime.version" value="1.8.0_272-b10"/><property name="java.awt.graphicsenv" value="sun.awt.Win32GraphicsEnvironment"/><property name="idea.managed" value="true"/><property name="java.endorsed.dirs" value="C:\Program Files\AdoptOpenJDK\jdk-8.0.272.10-hotspot\jre\lib\endorsed"/><property name="os.arch" value="amd64"/><property name="java.io.tmpdir" value="C:\Users\enric\AppData\Local\Temp\"/><property name="line.separator" value="
"/><property name="java.vm.specification.vendor" value="Oracle Corporation"/><property name="log4j.ignoreTCL" value="true"/><property name="user.variant" value=""/><property name="os.name" value="Windows 10"/><property name="sbt.log.noformat" value="true"/><property name="sun.jnu.encoding" value="Cp1252"/><property name="jnidispatch.path" value="C:\Users\enric\AppData\Local\Temp\jna-96665539\jna8112331783939792314.dll"/><property name="java.library.path" value="C:\Program Files\AdoptOpenJDK\jdk-8.0.272.10-hotspot\bin;C:\WINDOWS\Sun\Java\bin;C:\WINDOWS\system32;C:\WINDOWS;C:\Program Files\AdoptOpenJDK\jdk-8.0.272.10-hotspot\bin;C:\Program Files (x86)\Common Files\Oracle\Java\javapath;C:\Program Files (x86)\Razer Chroma SDK\bin;C:\Program Files\Razer Chroma SDK\bin;C:\Program Files (x86)\Razer\ChromaBroadcast\bin;C:\Program Files\Razer\ChromaBroadcast\bin;C:\Program Files (x86)\Intel\Intel(R) Management Engine Components\iCLS\;C:\Program Files\Intel\Intel(R) Management Engine Components\iCLS\;C:\Windows\system32;C:\Windows;C:\Windows\System32\Wbem;C:\Windows\System32\WindowsPowerShell\v1.0\;C:\Windows\System32\OpenSSH\;C:\Program Files (x86)\NVIDIA Corporation\PhysX\Common;C:\Program Files (x86)\Intel\Intel(R) Management Engine Components\DAL;C:\Program Files\Intel\Intel(R) Management Engine Components\DAL;C:\Program Files (x86)\Intel\Intel(R) Management Engine Components\IPT;C:\Program Files\Intel\Intel(R) Management Engine Components\IPT;C:\Program Files\Intel\WiFi\bin\;C:\Program Files\Common Files\Intel\WirelessCommon\;C:\Windows\system32\config\systemprofile\AppData\Local\Microsoft\WindowsApps;C:\Program Files\NVIDIA Corporation\NVIDIA NvDLISR;C:\WINDOWS\system32;C:\WINDOWS;C:\WINDOWS\System32\Wbem;C:\WINDOWS\System32\WindowsPowerShell\v1.0\;C:\WINDOWS\System32\OpenSSH\;C:\Program Files (x86)\sbt\bin;C:\Program Files\AdoptOpenJDK\jdk-8.0.272.10-hotspot\bin;C:\Users\enric\AppData\Local\Programs\Python\Python37\Scripts;C:\Users\enric\AppData\Local\Programs\Python\Python37;C:\Program Files\Git\cmd;C:\Program Files\Git\cmd\bin;C:\Program Files\Git;C:\Program Files\MongoDB\Server\4.4\bin;C:\Program Files\MongoDB\Server\4.4\mongodb-database-tools-windows-x86_64-100.2.0\bin;D:\practica_bdfi\spark-2.4.7-bin-hadoop2.7\bin;D:\practica_bdfi\hadoop-common-2.2.0-bin-master\bin;C:\Program Files\MongoDB\Server\4.4\bin;D:\practica_bdfi\practica_big_data_2019-master;;C:\Program Files\nodejs\;C:\Program Files\Docker\Docker\resources\bin;C:\ProgramData\DockerDesktop\version-bin;C:\Users\enric\AppData\Local\Microsoft\WindowsApps;C:\Users\enric\AppData\Local\Programs\Python\Python37;C:\Users\enric\AppData\Local\Programs\Python\Python37\Scripts;C:\Program Files\MongoDB\Server\4.4\bin;C:\Program Files\MongoDB\Server\4.4\mongodb-database-tools-windows-x86_64-100.2.0\bin;D:\practica_bdfi\spark-2.4.7-bin-hadoop2.7\bin;C:\Program Files\AdoptOpenJDK\jdk-8.0.272.10-hotspot\bin;D:\practica_bdfi\hadoop-common-2.2.0-bin-master\bin;C:\Program Files\MongoDB\Server\4.4\bin;D:\practica_bdfi\practica_big_data_2019-master;C:\Users\enric\AppData\Roaming\npm;."/><property name="java.specification.name" value="Java Platform API Specification"/><property name="java.class.version" value="52.0"/><property name="sun.management.compiler" value="HotSpot 64-Bit Tiered Compilers"/><property name="os.version" value="10.0"/><property name="swoval.tmpdir" value="C:\Users\enric\.sbt\1.0"/><property name="user.home" value="C:\Users\enric"/><property name="user.timezone" value="Europe/Paris"/><property name="java.awt.printerjob" value="sun.awt.windows.WPrinterJob"/><property name="file.encoding" value="UTF-8"/><property name="java.specification.version" value="1.8"/><property name="java.class.path" value="C:\Users\enric\AppData\Roaming\JetBrains\IntelliJIdea2020.2\plugins\Scala\launcher\sbt-launch.jar"/><property name="user.name" value="enric"/><property name="jline.shutdownhook" value="false"/><property name="java.vm.specification.version" value="1.8"/><property name="sun.java.command" value="C:\Users\enric\AppData\Roaming\JetBrains\IntelliJIdea2020.2\plugins\Scala\launcher\sbt-launch.jar early(addPluginSbtFile=&quot;&quot;&quot;C:\Users\enric\AppData\Local\Temp\idea.sbt&quot;&quot;&quot;) ; set ideaPort in Global := 58962 ; idea-shell"/><property name="java.home" value="C:\Program Files\AdoptOpenJDK\jdk-8.0.272.10-hotspot\jre"/><property name="sun.arch.data.model" value="64"/><property name="user.language" value="es"/><property name="java.specification.vendor" value="Oracle Corporation"/><property name="awt.toolkit" value="sun.awt.windows.WToolkit"/><property name="java.vm.info" value="mixed mode"/><property name="java.version" value="1.8.0_272"/><property name="java.ext.dirs" value="C:\Program Files\AdoptOpenJDK\jdk-8.0.272.10-hotspot\jre\lib\ext;C:\WINDOWS\Sun\Java\lib\ext"/><property name="sun.boot.class.path" value="C:\Program Files\AdoptOpenJDK\jdk-8.0.272.10-hotspot\jre\lib\resources.jar;C:\Program Files\AdoptOpenJDK\jdk-8.0.272.10-hotspot\jre\lib\rt.jar;C:\Program Files\AdoptOpenJDK\jdk-8.0.272.10-hotspot\jre\lib\sunrsasign.jar;C:\Program Files\AdoptOpenJDK\jdk-8.0.272.10-hotspot\jre\lib\jsse.jar;C:\Program Files\AdoptOpenJDK\jdk-8.0.272.10-hotspot\jre\lib\jce.jar;C:\Program Files\AdoptOpenJDK\jdk-8.0.272.10-hotspot\jre\lib\charsets.jar;C:\Program Files\AdoptOpenJDK\jdk-8.0.272.10-hotspot\jre\lib\jfr.jar;C:\Program Files\AdoptOpenJDK\jdk-8.0.272.10-hotspot\jre\classes"/><property name="java.vendor" value="AdoptOpenJDK"/><property name="sun.stderr.encoding" value="cp850"/><property name="file.separator" value="\"/><property name="java.vendor.url.bug" value="https://github.com/AdoptOpenJDK/openjdk-support/issues"/><property name="sbt.supershell" value="false"/><property name="sun.io.unicode.encoding" value="UnicodeLittle"/><property name="sun.cpu.endian" value="little"/><property name="sun.stdout.encoding" value="cp850"/><property name="sun.desktop" value="windows"/><property name="sun.cpu.isalist" value="amd64"/>
    </properties>
                     <testcase classname="DeviceSpec" name="Device actor must reply with empty reading if no temperature is known" time="0.035">
                                                 
                                               </testcase><testcase classname="DeviceSpec" name="Device actor must reply with latest temperature reading" time="0.003">
                                                 
                                               </testcase>
                     <system-out><![CDATA[]]></system-out>
                     <system-err><![CDATA[]]></system-err>
                   </testsuite>